     1 00000000                                 ; haribote-ipl
     2 00000000                                 ; TAB=4
     3 00000000                                 
     4  = 0000000A                              CYLS	EQU		10				; EQU 伪指令把一个符号名称与一个整数表达式或一个任意文本连接起来。（类似宏）
     5 00000000                                 
     6                                          		ORG		0x7c00			; 程序装载位置
     7 00007C00                                 
     8 00007C00                                 ; FTA12标准格式软盘
     9 00007C00                                 
    10 00007C00 EB 4E                           		JMP		entry			; 一个short的跳转指令,跳转范围是 [-128, 127]
    11 00007C02 90                              		DB		0x90
    12 00007C03 48 41 52 49 42 4F 54 45         		DB		"HARIBOTE"		; 厂商名
    13 00007C0B 0200                            		DW		512				; 每扇区字节数（Bytes/Sector）
    14 00007C0D 01                              		DB		1				; 每簇扇区数（Sector/Cluster）
    15 00007C0E 0001                            		DW		1				; Boot记录占用多少扇区
    16 00007C10 02                              		DB		2				; 共有多少FAT表
    17 00007C11 00E0                            		DW		224				; 根目录区文件最大数
    18 00007C13 0B40                            		DW		2880			; 扇区总数
    19 00007C15 F0                              		DB		0xf0			; 介质描述符
    20 00007C16 0009                            		DW		9				; 每个FAT表所占扇区数
    21 00007C18 0012                            		DW		18				; 每磁道扇区数（Sector/track）
    22 00007C1A 0002                            		DW		2				; 磁头数（面数）
    23 00007C1C 00000000                        		DD		0				; 隐藏扇区数
    24 00007C20 00000B40                        		DD		2880			; 如果 扇区总数=0,则由这里给出扇区数
    25 00007C24 00 00 29                        		DB		0,0,0x29		; INT 13H的驱动器号 ; 保留，未使用 ; 扩展引导标记(29h)
    26 00007C27 FFFFFFFF                        		DD		0xffffffff		; 卷序列号
    27 00007C2B 48 41 52 49 42 4F 54 45 4F 53   		DB		"HARIBOTEOS "	; 卷标
       00007C35 20 
    28 00007C36 46 41 54 31 32 20 20 20         		DB		"FAT12   "		; 文件系统类型
    29 00007C3E 00 00 00 00 00 00 00 00 00 00   		RESB	18				; 引导代码及其他数据
       00007C48 00 00 00 00 00 00 00 00 
    30 00007C50                                 
    31 00007C50                                 entry:
    32 00007C50 B8 0000                         		MOV		AX,0
    33 00007C53 8E D0                           		MOV		SS,AX
    34 00007C55 BC 7C00                         		MOV		SP,0x7c00
    35 00007C58 8E D8                           		MOV		DS,AX
    36 00007C5A                                 
    37 00007C5A                                 ; 读取磁盘
    38 00007C5A                                 
    39 00007C5A B8 0820                         		MOV		AX,0x0820
    40 00007C5D 8E C0                           		MOV		ES,AX
    41 00007C5F B5 00                           		MOV		CH,0			; 柱面 0
    42 00007C61 B6 00                           		MOV		DH,0			; 磁头 0
    43 00007C63 B1 02                           		MOV		CL,2			; 扇区 2
    44 00007C65                                 readloop:
    45 00007C65 BE 0000                         		MOV		SI,0			; 记录失败次数的寄存器
    46 00007C68                                 retry:
    47 00007C68 B4 02                           		MOV		AH,0x02			; AH=0x02 : 读入磁盘
    48 00007C6A B0 01                           		MOV		AL,1			; 一个扇区
    49 00007C6C BB 0000                         		MOV		BX,0
    50 00007C6F B2 00                           		MOV		DL,0x00			; A驱动器
    51 00007C71 CD 13                           		INT		0x13			; BIOS终端
    52 00007C73 73 10                           		JNC		next			; 读下一个盘
    53 00007C75 83 C6 01                        		ADD		SI,1			; 异常次数++
    54 00007C78 83 FE 05                        		CMP		SI,5			; 比较异常和5
    55 00007C7B 73 2E                           		JAE		error			; SI >= 5 打印错误
    56 00007C7D B4 00                           		MOV		AH,0x00			;
    57 00007C7F B2 00                           		MOV		DL,0x00			;
    58 00007C81 CD 13                           		INT		0x13			; 重置驱动器
    59 00007C83 EB E3                           		JMP		retry
    60 00007C85                                 next:
    61 00007C85 8C C0                           		MOV		AX,ES			; 给ES+0x0020，包括以下三行
    62 00007C87 05 0020                         		ADD		AX,0x0020
    63 00007C8A 8E C0                           		MOV		ES,AX			; 
    64 00007C8C 80 C1 01                        		ADD		CL,1			; 扇区号
    65 00007C8F 80 F9 12                        		CMP		CL,18			; 看看是不是读完了18个扇区
    66 00007C92 76 D1                           		JBE		readloop		; jump if below 如果没读完就跳到readloop继续读
    67 00007C94 B1 01                           		MOV		CL,1			; 读完了一个磁头，读另一个磁头
    68 00007C96 80 C6 01                        		ADD		DH,1			;
    69 00007C99 80 FE 02                        		CMP		DH,2			;
    70 00007C9C 72 C7                           		JB		readloop		; 读完一个柱面两个磁头的全部18个扇区后
    71 00007C9E B6 00                           		MOV		DH,0			; 重新从磁头1开始
    72 00007CA0 80 C5 01                        		ADD		CH,1			; 读下一个柱面
    73 00007CA3 80 FD 0A                        		CMP		CH,CYLS			; 判断一下跟磁头常数
    74 00007CA6 72 BD                           		JB		readloop		; 
    75 00007CA8                                 
    76 00007CA8                                 fin:
    77 00007CA8 F4                              		HLT
    78 00007CA9 EB FD                           		JMP		fin
    79 00007CAB                                 
    80 00007CAB                                 error:
    81 00007CAB BE 7CC0                         		MOV		SI,msg
    82 00007CAE                                 putloop:
    83 00007CAE 8A 04                           		MOV		AL,[SI]
    84 00007CB0 83 C6 01                        		ADD		SI,1			; 读下一个字符
    85 00007CB3 3C 00                           		CMP		AL,0
    86 00007CB5 74 F1                           		JE		fin
    87 00007CB7 B4 0E                           		MOV		AH,0x0e			; 设定 INT 0x10 的时候执行打印命令
    88 00007CB9 BB 000F                         		MOV		BX,15			; 指定字符颜色（实际上应该用BL）
    89 00007CBC CD 10                           		INT		0x10			; 调用打印BIOS指令
    90 00007CBE EB EE                           		JMP		putloop
    91 00007CC0                                 msg:
    92 00007CC0 0A 0A                           		DB		0x0a, 0x0a		; 换行*2
    93 00007CC2 6C 6F 61 64 20 65 72 72 6F 72   		DB		"load error"
    94 00007CCC 0A                              		DB		0x0a			; 换行
    95 00007CCD 00                              		DB		0
    96 00007CCE                                 
    97 00007CCE 00 00 00 00 00 00 00 00 00 00   		RESB	0x7dfe-$		; 后面补0到0x7dfe
       00007CD8 00 00 00 00 00 00 00 00 00 00 
       00007CE2 00 00 00 00 00 00 00 00 00 00 
       00007CEC 00 00 00 00 00 00 00 00 00 00 
       00007CF6 00 00 00 00 00 00 00 00 00 00 
       00007D00 00 00 00 00 00 00 00 00 00 00 
       00007D0A 00 00 00 00 00 00 00 00 00 00 
       00007D14 00 00 00 00 00 00 00 00 00 00 
       00007D1E 00 00 00 00 00 00 00 00 00 00 
       00007D28 00 00 00 00 00 00 00 00 00 00 
       00007D32 00 00 00 00 00 00 00 00 00 00 
       00007D3C 00 00 00 00 00 00 00 00 00 00 
       00007D46 00 00 00 00 00 00 00 00 00 00 
       00007D50 00 00 00 00 00 00 00 00 00 00 
       00007D5A 00 00 00 00 00 00 00 00 00 00 
       00007D64 00 00 00 00 00 00 00 00 00 00 
       00007D6E 00 00 00 00 00 00 00 00 00 00 
       00007D78 00 00 00 00 00 00 00 00 00 00 
       00007D82 00 00 00 00 00 00 00 00 00 00 
       00007D8C 00 00 00 00 00 00 00 00 00 00 
       00007D96 00 00 00 00 00 00 00 00 00 00 
       00007DA0 00 00 00 00 00 00 00 00 00 00 
       00007DAA 00 00 00 00 00 00 00 00 00 00 
       00007DB4 00 00 00 00 00 00 00 00 00 00 
       00007DBE 00 00 00 00 00 00 00 00 00 00 
       00007DC8 00 00 00 00 00 00 00 00 00 00 
       00007DD2 00 00 00 00 00 00 00 00 00 00 
       00007DDC 00 00 00 00 00 00 00 00 00 00 
       00007DE6 00 00 00 00 00 00 00 00 00 00 
       00007DF0 00 00 00 00 00 00 00 00 00 00 
       00007DFA 00 00 00 00 
    98 00007DFE                                 
    99 00007DFE 55 AA                           		DB		0x55, 0xaa		; 结束
