     1 00000000                                 ; haribote-ipl
     2 00000000                                 ; TAB=4
     3 00000000                                 
     4  = 0000000A                              CYLS	EQU		10				; EQU 伪指令把一个符号名称与一个整数表达式或一个任意文本连接起来。（类似宏）
     5 00000000                                 
     6                                          		ORG		0x7c00			; 程序装载位置
     7 00007C00                                 
     8 00007C00                                 ; FTA12标准格式软盘
     9 00007C00                                 
    10 00007C00 EB 4E                           		JMP		entry			; 一个short的跳转指令,跳转范围是 [-128, 127]
    11 00007C02 90                              		DB		0x90
    12 00007C03 48 41 52 49 42 4F 54 45         		DB		"HARIBOTE"		; 厂商名
    13 00007C0B 0200                            		DW		512				; 每扇区字节数（Bytes/Sector）
    14 00007C0D 01                              		DB		1				; 每簇扇区数（Sector/Cluster）
    15 00007C0E 0001                            		DW		1				; Boot记录占用多少扇区
    16 00007C10 02                              		DB		2				; 共有多少FAT表
    17 00007C11 00E0                            		DW		224				; 根目录区文件最大数
    18 00007C13 0B40                            		DW		2880			; 扇区总数
    19 00007C15 F0                              		DB		0xf0			; 介质描述符
    20 00007C16 0009                            		DW		9				; 每个FAT表所占扇区数
    21 00007C18 0012                            		DW		18				; 每磁道扇区数（Sector/track）
    22 00007C1A 0002                            		DW		2				; 磁头数（面数）
    23 00007C1C 00000000                        		DD		0				; 隐藏扇区数
    24 00007C20 00000B40                        		DD		2880			; 如果 扇区总数=0,则由这里给出扇区数
    25 00007C24 00 00 29                        		DB		0,0,0x29		; INT 13H的驱动器号 ; 保留，未使用 ; 扩展引导标记(29h)
    26 00007C27 FFFFFFFF                        		DD		0xffffffff		; 卷序列号
    27 00007C2B 48 41 52 49 42 4F 54 45 4F 53   		DB		"HARIBOTEOS "	; 卷标
       00007C35 20 
    28 00007C36 46 41 54 31 32 20 20 20         		DB		"FAT12   "		; 文件系统类型
    29 00007C3E 00 00 00 00 00 00 00 00 00 00   		RESB	18				; 引导代码及其他数据
       00007C48 00 00 00 00 00 00 00 00 
    30 00007C50                                 
    31 00007C50                                 entry:
    32 00007C50 B8 0000                         		MOV		AX,0
    33 00007C53 8E D0                           		MOV		SS,AX
    34 00007C55 BC 7C00                         		MOV		SP,0x7c00
    35 00007C58 8E D8                           		MOV		DS,AX
    36 00007C5A                                 
    37 00007C5A                                 ; 读取磁盘
    38 00007C5A                                 
    39 00007C5A B8 0820                         		MOV		AX,0x0820		; 我猜作者从0X8200开始放是为了计算方便，因为引导盘程序大小正好是0X8000-0X8200。
    40 00007C5D 8E C0                           		MOV		ES,AX
    41 00007C5F B5 00                           		MOV		CH,0			; 柱面 0
    42 00007C61 B6 00                           		MOV		DH,0			; 磁头 0
    43 00007C63 B1 02                           		MOV		CL,2			; 扇区 2
    44 00007C65                                 readloop:
    45 00007C65 BE 0000                         		MOV		SI,0			; 记录失败次数的寄存器
    46 00007C68                                 retry:
    47 00007C68 B4 02                           		MOV		AH,0x02			; AH=0x02 : 读入磁盘
    48 00007C6A B0 01                           		MOV		AL,1			; 一个扇区
    49 00007C6C BB 0000                         		MOV		BX,0
    50 00007C6F B2 00                           		MOV		DL,0x00			; A驱动器
    51 00007C71 CD 13                           		INT		0x13			; BIOS终端
    52 00007C73 73 10                           		JNC		next			; 读下一个盘
    53 00007C75 83 C6 01                        		ADD		SI,1			; 异常次数++
    54 00007C78 83 FE 05                        		CMP		SI,5			; 比较异常和5
    55 00007C7B 73 32                           		JAE		error			; SI >= 5 打印错误
    56 00007C7D B4 00                           		MOV		AH,0x00			;
    57 00007C7F B2 00                           		MOV		DL,0x00			;
    58 00007C81 CD 13                           		INT		0x13			; 重置驱动器
    59 00007C83 EB E3                           		JMP		retry
    60 00007C85                                 next:
    61 00007C85 8C C0                           		MOV		AX,ES			; 给ES+0x0020，包括以下三行
    62 00007C87 05 0020                         		ADD		AX,0x0020
    63 00007C8A 8E C0                           		MOV		ES,AX			; 
    64 00007C8C 80 C1 01                        		ADD		CL,1			; 扇区号
    65 00007C8F 80 F9 12                        		CMP		CL,18			; 看看是不是读完了18个扇区
    66 00007C92 76 D1                           		JBE		readloop		; jump if below 如果没读完就跳到readloop继续读
    67 00007C94 B1 01                           		MOV		CL,1			; 读完了一个磁头，读另一个磁头
    68 00007C96 80 C6 01                        		ADD		DH,1			;
    69 00007C99 80 FE 02                        		CMP		DH,2			;
    70 00007C9C 72 C7                           		JB		readloop		; 读完一个柱面两个磁头的全部18个扇区后
    71 00007C9E B6 00                           		MOV		DH,0			; 重新从磁头1开始
    72 00007CA0 80 C5 01                        		ADD		CH,1			; 读下一个柱面
    73 00007CA3 80 FD 0A                        		CMP		CH,CYLS			; 判断一下跟磁头常数
    74 00007CA6 72 BD                           		JB		readloop		; 
    75 00007CA8                                 
    76 00007CA8                                 ; 跳转执行haaribote.nas
    77 00007CA8                                 
    78 00007CA8 88 2E 0FF0                      		MOV		[0x0ff0],CH		; 当前已经读入的柱面
    79 00007CAC E9 4551                         		JMP		0xc200
    80 00007CAF                                 
    81 00007CAF                                 error:
    82 00007CAF BE 7CC7                         		MOV		SI,msg
    83 00007CB2                                 putloop:
    84 00007CB2 8A 04                           		MOV		AL,[SI]
    85 00007CB4 83 C6 01                        		ADD		SI,1			; 读下一个字符
    86 00007CB7 3C 00                           		CMP		AL,0
    87 00007CB9 74 09                           		JE		fin
    88 00007CBB B4 0E                           		MOV		AH,0x0e			; 设定 INT 0x10 的时候执行打印命令
    89 00007CBD BB 000F                         		MOV		BX,15			; 指定字符颜色（实际上应该用BL）
    90 00007CC0 CD 10                           		INT		0x10			; 调用打印BIOS指令
    91 00007CC2 EB EE                           		JMP		putloop
    92 00007CC4                                 fin:
    93 00007CC4 F4                              		HLT
    94 00007CC5 EB FD                           		JMP		fin
    95 00007CC7                                 msg:
    96 00007CC7 0A 0A                           		DB		0x0a, 0x0a		; 换行*2
    97 00007CC9 6C 6F 61 64 20 65 72 72 6F 72   		DB		"load error"
    98 00007CD3 0A                              		DB		0x0a			; 换行
    99 00007CD4 00                              		DB		0
   100 00007CD5                                 
   101 00007CD5 00 00 00 00 00 00 00 00 00 00   		RESB	0x7dfe-$		; 后面补0到0x7dfe
       00007CDF 00 00 00 00 00 00 00 00 00 00 
       00007CE9 00 00 00 00 00 00 00 00 00 00 
       00007CF3 00 00 00 00 00 00 00 00 00 00 
       00007CFD 00 00 00 00 00 00 00 00 00 00 
       00007D07 00 00 00 00 00 00 00 00 00 00 
       00007D11 00 00 00 00 00 00 00 00 00 00 
       00007D1B 00 00 00 00 00 00 00 00 00 00 
       00007D25 00 00 00 00 00 00 00 00 00 00 
       00007D2F 00 00 00 00 00 00 00 00 00 00 
       00007D39 00 00 00 00 00 00 00 00 00 00 
       00007D43 00 00 00 00 00 00 00 00 00 00 
       00007D4D 00 00 00 00 00 00 00 00 00 00 
       00007D57 00 00 00 00 00 00 00 00 00 00 
       00007D61 00 00 00 00 00 00 00 00 00 00 
       00007D6B 00 00 00 00 00 00 00 00 00 00 
       00007D75 00 00 00 00 00 00 00 00 00 00 
       00007D7F 00 00 00 00 00 00 00 00 00 00 
       00007D89 00 00 00 00 00 00 00 00 00 00 
       00007D93 00 00 00 00 00 00 00 00 00 00 
       00007D9D 00 00 00 00 00 00 00 00 00 00 
       00007DA7 00 00 00 00 00 00 00 00 00 00 
       00007DB1 00 00 00 00 00 00 00 00 00 00 
       00007DBB 00 00 00 00 00 00 00 00 00 00 
       00007DC5 00 00 00 00 00 00 00 00 00 00 
       00007DCF 00 00 00 00 00 00 00 00 00 00 
       00007DD9 00 00 00 00 00 00 00 00 00 00 
       00007DE3 00 00 00 00 00 00 00 00 00 00 
       00007DED 00 00 00 00 00 00 00 00 00 00 
       00007DF7 00 00 00 00 00 00 00 
   102 00007DFE                                 
   103 00007DFE 55 AA                           		DB		0x55, 0xaa		; 结束
